[0.149s] Invoking command in '/home/amber/code/Notes/Ros/ros_learn/town_ws/build/village_wang': CMAKE_PREFIX_PATH=/home/amber/code/Notes/Ros/ros_learn/town_ws/install/village_li:/opt/ros/foxy CONDA_PROMPT_MODIFIER=(tensorflow) /usr/bin/cmake --build /home/amber/code/Notes/Ros/ros_learn/town_ws/build/village_wang -- -j16 -l16
[0.164s] -- Found ament_cmake: 0.9.9 (/opt/ros/foxy/share/ament_cmake/cmake)
[0.178s] -- Using PYTHON_EXECUTABLE: /home/amber/anaconda3/envs/tensorflow/bin/python3
[0.273s] -- Found rclcpp: 2.4.1 (/opt/ros/foxy/share/rclcpp/cmake)
[0.293s] -- Using all available rosidl_typesupport_c: rosidl_typesupport_connext_c;rosidl_typesupport_fastrtps_c;rosidl_typesupport_introspection_c
[0.295s] -- Found rosidl_adapter: 1.2.1 (/opt/ros/foxy/share/rosidl_adapter/cmake)
[0.297s] -- Found RTI Connext: /opt/rti.com/rti_connext_dds-5.3.1
[0.541s] -- Using all available rosidl_typesupport_cpp: rosidl_typesupport_connext_cpp;rosidl_typesupport_fastrtps_cpp;rosidl_typesupport_introspection_cpp
[0.572s] -- Found rmw_implementation_cmake: 1.0.3 (/opt/ros/foxy/share/rmw_implementation_cmake/cmake)
[0.572s] -- Using RMW implementation 'rmw_fastrtps_cpp' as default
[0.660s] -- Found ament_lint_auto: 0.9.6 (/opt/ros/foxy/share/ament_lint_auto/cmake)
[0.678s] Traceback (most recent call last):
[0.678s]   File "/opt/ros/foxy/share/ament_cmake_core/cmake/core/package_xml_2_cmake.py", line 21, in <module>
[0.678s]     from catkin_pkg.package import parse_package_string
[0.678s] ModuleNotFoundError: No module named 'catkin_pkg'
[0.681s] CMake Error at /opt/ros/foxy/share/ament_cmake_core/cmake/core/ament_package_xml.cmake:94 (message):
[0.681s]   execute_process(/home/amber/anaconda3/envs/tensorflow/bin/python3
[0.681s]   /opt/ros/foxy/share/ament_cmake_core/cmake/core/package_xml_2_cmake.py
[0.681s]   /home/amber/code/Notes/Ros/ros_learn/town_ws/src/village_wang/package.xml
[0.681s]   /home/amber/code/Notes/Ros/ros_learn/town_ws/build/village_wang/ament_cmake_core/package.cmake)
[0.681s]   returned error code 1
[0.681s] Call Stack (most recent call first):
[0.681s]   /opt/ros/foxy/share/ament_cmake_core/cmake/core/ament_package_xml.cmake:49 (_ament_package_xml)
[0.681s]   /opt/ros/foxy/share/ament_lint_auto/cmake/ament_lint_auto_find_test_dependencies.cmake:31 (ament_package_xml)
[0.681s]   CMakeLists.txt:30 (ament_lint_auto_find_test_dependencies)
[0.681s] 
[0.681s] 
[0.682s] -- Configuring incomplete, errors occurred!
[0.682s] See also "/home/amber/code/Notes/Ros/ros_learn/town_ws/build/village_wang/CMakeFiles/CMakeOutput.log".
[0.682s] See also "/home/amber/code/Notes/Ros/ros_learn/town_ws/build/village_wang/CMakeFiles/CMakeError.log".
[0.686s] make: *** [Makefile:266：cmake_check_build_system] 错误 1
[0.688s] Invoked command in '/home/amber/code/Notes/Ros/ros_learn/town_ws/build/village_wang' returned '2': CMAKE_PREFIX_PATH=/home/amber/code/Notes/Ros/ros_learn/town_ws/install/village_li:/opt/ros/foxy CONDA_PROMPT_MODIFIER=(tensorflow) /usr/bin/cmake --build /home/amber/code/Notes/Ros/ros_learn/town_ws/build/village_wang -- -j16 -l16
