[0.150s] Invoking command in '/home/amber/code/Notes/Ros/3_ros2_node/node_ws/build/cognition_node_c++': /usr/bin/cmake --build /home/amber/code/Notes/Ros/3_ros2_node/node_ws/build/cognition_node_c++ -- -j16 -l16
[0.166s] -- Found ament_cmake: 0.9.9 (/opt/ros/foxy/share/ament_cmake/cmake)
[0.180s] -- Using PYTHON_EXECUTABLE: /usr/bin/python3
[0.298s] -- Found rclcpp: 2.4.1 (/opt/ros/foxy/share/rclcpp/cmake)
[0.319s] -- Using all available rosidl_typesupport_c: rosidl_typesupport_connext_c;rosidl_typesupport_fastrtps_c;rosidl_typesupport_introspection_c
[0.320s] -- Found rosidl_adapter: 1.2.1 (/opt/ros/foxy/share/rosidl_adapter/cmake)
[0.322s] -- Found RTI Connext: /opt/rti.com/rti_connext_dds-5.3.1
[0.566s] -- Using all available rosidl_typesupport_cpp: rosidl_typesupport_connext_cpp;rosidl_typesupport_fastrtps_cpp;rosidl_typesupport_introspection_cpp
[0.597s] -- Found rmw_implementation_cmake: 1.0.3 (/opt/ros/foxy/share/rmw_implementation_cmake/cmake)
[0.598s] -- Using RMW implementation 'rmw_fastrtps_cpp' as default
[0.686s] -- Found ament_lint_auto: 0.9.6 (/opt/ros/foxy/share/ament_lint_auto/cmake)
[0.717s] Error parsing '/home/amber/code/Notes/Ros/3_ros2_node/node_ws/src/cognition_node_c++/package.xml':
[0.785s] Traceback (most recent call last):
[0.785s]   File "/opt/ros/foxy/share/ament_cmake_core/cmake/core/package_xml_2_cmake.py", line 143, in <module>
[0.785s]     main()
[0.785s]   File "/opt/ros/foxy/share/ament_cmake_core/cmake/core/package_xml_2_cmake.py", line 52, in main
[0.785s]     raise e
[0.785s]   File "/opt/ros/foxy/share/ament_cmake_core/cmake/core/package_xml_2_cmake.py", line 48, in main
[0.785s]     package = parse_package_string(
[0.785s]   File "/usr/lib/python3/dist-packages/catkin_pkg/package.py", line 774, in parse_package_string
[0.786s]     pkg.validate(warnings=warnings)
[0.786s]   File "/usr/lib/python3/dist-packages/catkin_pkg/package.py", line 317, in validate
[0.786s]     raise InvalidPackage('\n'.join(errors), self.filename)
[0.786s] catkin_pkg.package.InvalidPackage: Error(s) in package '/home/amber/code/Notes/Ros/3_ros2_node/node_ws/src/cognition_node_c++/package.xml':
[0.786s] Package name "cognition_node_c++" does not follow naming conventions
[0.798s] CMake Error at /opt/ros/foxy/share/ament_cmake_core/cmake/core/ament_package_xml.cmake:94 (message):
[0.798s]   execute_process(/usr/bin/python3
[0.798s]   /opt/ros/foxy/share/ament_cmake_core/cmake/core/package_xml_2_cmake.py
[0.798s]   /home/amber/code/Notes/Ros/3_ros2_node/node_ws/src/cognition_node_c++/package.xml
[0.798s]   /home/amber/code/Notes/Ros/3_ros2_node/node_ws/build/cognition_node_c++/ament_cmake_core/package.cmake)
[0.798s]   returned error code 1
[0.798s] Call Stack (most recent call first):
[0.798s]   /opt/ros/foxy/share/ament_cmake_core/cmake/core/ament_package_xml.cmake:49 (_ament_package_xml)
[0.798s]   /opt/ros/foxy/share/ament_lint_auto/cmake/ament_lint_auto_find_test_dependencies.cmake:31 (ament_package_xml)
[0.799s]   CMakeLists.txt:30 (ament_lint_auto_find_test_dependencies)
[0.799s] 
[0.799s] 
[0.799s] -- Configuring incomplete, errors occurred!
[0.799s] See also "/home/amber/code/Notes/Ros/3_ros2_node/node_ws/build/cognition_node_c++/CMakeFiles/CMakeOutput.log".
[0.799s] See also "/home/amber/code/Notes/Ros/3_ros2_node/node_ws/build/cognition_node_c++/CMakeFiles/CMakeError.log".
[0.803s] make: *** [Makefile:266：cmake_check_build_system] 错误 1
[0.805s] Invoked command in '/home/amber/code/Notes/Ros/3_ros2_node/node_ws/build/cognition_node_c++' returned '2': /usr/bin/cmake --build /home/amber/code/Notes/Ros/3_ros2_node/node_ws/build/cognition_node_c++ -- -j16 -l16
