[0.010s] Invoking command in '/home/amber/code/Notes/Ros/ros_learn/town_ws/build/village_interfaces': CMAKE_PREFIX_PATH=${CMAKE_PREFIX_PATH}:/home/amber/code/Notes/Ros/ros_learn/town_ws/install/village_li:/opt/ros/foxy /usr/bin/cmake --build /home/amber/code/Notes/Ros/ros_learn/town_ws/build/village_interfaces -- -j16 -l16
[0.028s] -- Found ament_cmake: 0.9.9 (/opt/ros/foxy/share/ament_cmake/cmake)
[0.045s] -- Found PythonInterp: /usr/bin/python3 (found suitable version "3.8.10", minimum required is "3") 
[0.045s] -- Using PYTHON_EXECUTABLE: /usr/bin/python3
[0.162s] -- Found sensor_msgs: 2.0.5 (/opt/ros/foxy/share/sensor_msgs/cmake)
[0.175s] -- Using all available rosidl_typesupport_c: rosidl_typesupport_connext_c;rosidl_typesupport_fastrtps_c;rosidl_typesupport_introspection_c
[0.177s] -- Found rosidl_adapter: 1.2.1 (/opt/ros/foxy/share/rosidl_adapter/cmake)
[0.178s] -- Found RTI Connext: /opt/rti.com/rti_connext_dds-5.3.1
[0.493s] -- Using all available rosidl_typesupport_cpp: rosidl_typesupport_connext_cpp;rosidl_typesupport_fastrtps_cpp;rosidl_typesupport_introspection_cpp
[0.586s] -- Found rosidl_default_generators: 1.0.1 (/opt/ros/foxy/share/rosidl_default_generators/cmake)
[0.607s] -- Found PythonInterp: /usr/bin/python3 (found version "3.8.10") 
[0.719s] CMake Error at /opt/ros/foxy/share/rosidl_adapter/cmake/rosidl_adapt_interfaces.cmake:60 (message):
[0.719s]   execute_process(/usr/bin/python3 -m rosidl_adapter --package-name
[0.720s]   village_interfaces --arguments-file
[0.720s]   /home/amber/code/Notes/Ros/ros_learn/town_ws/build/village_interfaces/rosidl_adapter__arguments__village_interfaces.json
[0.720s]   --output-dir
[0.720s]   /home/amber/code/Notes/Ros/ros_learn/town_ws/build/village_interfaces/rosidl_adapter/village_interfaces
[0.720s]   --output-file
[0.720s]   /home/amber/code/Notes/Ros/ros_learn/town_ws/build/village_interfaces/rosidl_adapter/village_interfaces.idls)
[0.720s]   returned error code 1:
[0.720s] 
[0.720s]   Traceback (most recent call last):
[0.720s] 
[0.720s]     File "/usr/lib/python3.8/runpy.py", line 194, in _run_module_as_main
[0.720s]       return _run_code(code, main_globals, None,
[0.720s]     File "/usr/lib/python3.8/runpy.py", line 87, in _run_code
[0.720s]       exec(code, run_globals)
[0.720s]     File "/opt/ros/foxy/lib/python3.8/site-packages/rosidl_adapter/__main__.py", line 19, in <module>
[0.720s]       sys.exit(main())
[0.721s]     File "/opt/ros/foxy/lib/python3.8/site-packages/rosidl_adapter/main.py", line 53, in main
[0.721s]       abs_idl_file = convert_to_idl(
[0.721s]     File "/opt/ros/foxy/lib/python3.8/site-packages/rosidl_adapter/__init__.py", line 24, in convert_to_idl
[0.721s]       return convert_srv_to_idl(
[0.721s]     File "/opt/ros/foxy/lib/python3.8/site-packages/rosidl_adapter/srv/__init__.py", line 28, in convert_srv_to_idl
[0.721s]       srv = parse_service_string(package_name, input_file.stem, content)
[0.721s]     File "/opt/ros/foxy/lib/python3.8/site-packages/rosidl_adapter/parser.py", line 843, in parse_service_string
[0.721s]       raise InvalidServiceSpecification(
[0.721s] 
[0.721s]   rosidl_adapter.parser.InvalidServiceSpecification: Could not find separator
[0.721s]   '---' between request and response
[0.721s] 
[0.721s] Call Stack (most recent call first):
[0.721s]   /opt/ros/foxy/share/rosidl_cmake/cmake/rosidl_generate_interfaces.cmake:130 (rosidl_adapt_interfaces)
[0.721s]   CMakeLists.txt:28 (rosidl_generate_interfaces)
[0.722s] 
[0.722s] 
[0.722s] -- Configuring incomplete, errors occurred!
[0.722s] See also "/home/amber/code/Notes/Ros/ros_learn/town_ws/build/village_interfaces/CMakeFiles/CMakeOutput.log".
[0.724s] make: *** [Makefile:993：cmake_check_build_system] 错误 1
[0.727s] Invoked command in '/home/amber/code/Notes/Ros/ros_learn/town_ws/build/village_interfaces' returned '2': CMAKE_PREFIX_PATH=${CMAKE_PREFIX_PATH}:/home/amber/code/Notes/Ros/ros_learn/town_ws/install/village_li:/opt/ros/foxy /usr/bin/cmake --build /home/amber/code/Notes/Ros/ros_learn/town_ws/build/village_interfaces -- -j16 -l16
