[0.010s] Invoking command in '/home/amber/code/Notes/Ros/ros_learn/town_ws/build/village_wang': CMAKE_PREFIX_PATH=${CMAKE_PREFIX_PATH}:/home/amber/code/Notes/Ros/ros_learn/town_ws/install/village_li:/opt/ros/foxy /usr/bin/cmake --build /home/amber/code/Notes/Ros/ros_learn/town_ws/build/village_wang -- -j16 -l16
[0.038s] [35m[1mScanning dependencies of target wang2_node[0m
[0.055s] [ 50%] [32mBuilding CXX object CMakeFiles/wang2_node.dir/src/wang2.cpp.o[0m
[0.797s] [01m[K/home/amber/code/Notes/Ros/ros_learn/town_ws/src/village_wang/src/wang2.cpp:[m[K In constructor â€˜[01m[KSingleDogNode::SingleDogNode(std::string)[m[Kâ€™:
[0.797s] [01m[K/home/amber/code/Notes/Ros/ros_learn/town_ws/src/village_wang/src/wang2.cpp:37:135:[m[K [01;31m[Kerror: [m[Kâ€˜[01m[K_1[m[Kâ€™ was not declared in this scope; did you mean â€˜[01m[Kstd::placeholders::_1[m[Kâ€™?
[0.797s]    37 | gs::msg::String>("sexy_girl", 10, std::bind(&SingleDogNode::topic_callback, this, [01;31m[K_1[m[K));
[0.797s]       |                                                                                   [01;31m[K^~[m[K
[0.798s]       |                                                                                   [32m[Kstd::placeholders::_1[m[K
[0.798s] In file included from [01m[K/opt/ros/foxy/include/rclcpp/context.hpp:19[m[K,
[0.798s]                  from [01m[K/opt/ros/foxy/include/rclcpp/contexts/default_context.hpp:18[m[K,
[0.798s]                  from [01m[K/opt/ros/foxy/include/rclcpp/executor.hpp:32[m[K,
[0.798s]                  from [01m[K/opt/ros/foxy/include/rclcpp/executors/multi_threaded_executor.hpp:26[m[K,
[0.798s]                  from [01m[K/opt/ros/foxy/include/rclcpp/executors.hpp:21[m[K,
[0.798s]                  from [01m[K/opt/ros/foxy/include/rclcpp/rclcpp.hpp:146[m[K,
[0.798s]                  from [01m[K/home/amber/code/Notes/Ros/ros_learn/town_ws/src/village_wang/src/wang2.cpp:1[m[K:
[0.798s] [01m[K/usr/include/c++/9/functional:211:34:[m[K [01;36m[Knote: [m[Kâ€˜[01m[Kstd::placeholders::_1[m[Kâ€™ declared here
[0.798s]   211 |     extern const _Placeholder<1> [01;36m[K_1[m[K;
[0.798s]       |                                  [01;36m[K^~[m[K
[1.019s] make[2]: *** [CMakeFiles/wang2_node.dir/build.make:63ï¼šCMakeFiles/wang2_node.dir/src/wang2.cpp.o] é”™è¯¯ 1
[1.019s] make[1]: *** [CMakeFiles/Makefile2:78ï¼šCMakeFiles/wang2_node.dir/all] é”™è¯¯ 2
[1.019s] make: *** [Makefile:141ï¼šall] é”™è¯¯ 2
[1.022s] Invoked command in '/home/amber/code/Notes/Ros/ros_learn/town_ws/build/village_wang' returned '2': CMAKE_PREFIX_PATH=${CMAKE_PREFIX_PATH}:/home/amber/code/Notes/Ros/ros_learn/town_ws/install/village_li:/opt/ros/foxy /usr/bin/cmake --build /home/amber/code/Notes/Ros/ros_learn/town_ws/build/village_wang -- -j16 -l16
